# JRE version: OpenJDK Runtime Environment (8.0_242-b01) (build 1.8.0_242-release-1644-b01)
# Java VM: OpenJDK 64-Bit Server VM (25.242-b01 mixed mode windows-amd64 compressed oops)
Heap:
 PSYoungGen      total 666112K, used 560183K [0x00000000d5580000, 0x00000000ffc00000, 0x0000000100000000)
  eden space 638464K, 85% used [0x00000000d5580000,0x00000000f6be8088,0x00000000fc500000)
  from space 27648K, 46% used [0x00000000fe100000,0x00000000feda5c18,0x00000000ffc00000)
  to   space 28160K, 0% used [0x00000000fc500000,0x00000000fc500000,0x00000000fe080000)
 ParOldGen       total 140800K, used 83289K [0x0000000080000000, 0x0000000088980000, 0x00000000d5580000)
  object space 140800K, 59% used [0x0000000080000000,0x0000000085156480,0x0000000088980000)
 Metaspace       used 109096K, capacity 114116K, committed 114712K, reserved 1148928K
  class space    used 13978K, capacity 14983K, committed 15136K, reserved 1048576K
GC Heap History (10 events):
Event: 1645.406 GC heap before
{Heap before GC invocations=21 (full 4):
 PSYoungGen      total 528896K, used 528754K [0x00000000d5580000, 0x00000000f8100000, 0x0000000100000000)
  eden space 506368K, 100% used [0x00000000d5580000,0x00000000f4400000,0x00000000f4400000)
  from space 22528K, 99% used [0x00000000f6b00000,0x00000000f80dcb20,0x00000000f8100000)
  to   space 29184K, 0% used [0x00000000f4800000,0x00000000f4800000,0x00000000f6480000)
 ParOldGen       total 98816K, used 64800K [0x0000000080000000, 0x0000000086080000, 0x00000000d5580000)
  object space 98816K, 65% used [0x0000000080000000,0x0000000083f48008,0x0000000086080000)
 Metaspace       used 108856K, capacity 114268K, committed 114456K, reserved 1148928K
  class space    used 14031K, capacity 15097K, committed 15136K, reserved 1048576K
Event: 1645.563 GC heap after
Heap after GC invocations=21 (full 4):
 PSYoungGen      total 539648K, used 21084K [0x00000000d5580000, 0x00000000feb00000, 0x0000000100000000)
  eden space 510464K, 0% used [0x00000000d5580000,0x00000000d5580000,0x00000000f4800000)
  from space 29184K, 72% used [0x00000000f4800000,0x00000000f5c97158,0x00000000f6480000)
  to   space 30720K, 0% used [0x00000000fcd00000,0x00000000fcd00000,0x00000000feb00000)
 ParOldGen       total 98816K, used 69141K [0x0000000080000000, 0x0000000086080000, 0x00000000d5580000)
  object space 98816K, 69% used [0x0000000080000000,0x0000000084385680,0x0000000086080000)
 Metaspace       used 108856K, capacity 114268K, committed 114456K, reserved 1148928K
  class space    used 14031K, capacity 15097K, committed 15136K, reserved 1048576K
}
Event: 1648.004 GC heap before
{Heap before GC invocations=22 (full 4):
 PSYoungGen      total 539648K, used 531548K [0x00000000d5580000, 0x00000000feb00000, 0x0000000100000000)
  eden space 510464K, 100% used [0x00000000d5580000,0x00000000f4800000,0x00000000f4800000)
  from space 29184K, 72% used [0x00000000f4800000,0x00000000f5c97158,0x00000000f6480000)
  to   space 30720K, 0% used [0x00000000fcd00000,0x00000000fcd00000,0x00000000feb00000)
 ParOldGen       total 98816K, used 69141K [0x0000000080000000, 0x0000000086080000, 0x00000000d5580000)
  object space 98816K, 69% used [0x0000000080000000,0x0000000084385680,0x0000000086080000)
 Metaspace       used 109017K, capacity 114444K, committed 114712K, reserved 1148928K
  class space    used 14042K, capacity 15107K, committed 15136K, reserved 1048576K
Event: 1648.080 GC heap after
Heap after GC invocations=22 (full 4):
 PSYoungGen      total 646656K, used 5218K [0x00000000d5580000, 0x00000000ffb00000, 0x0000000100000000)
  eden space 615936K, 0% used [0x00000000d5580000,0x00000000d5580000,0x00000000faf00000)
  from space 30720K, 16% used [0x00000000fcd00000,0x00000000fd218878,0x00000000feb00000)
  to   space 30720K, 0% used [0x00000000faf00000,0x00000000faf00000,0x00000000fcd00000)
 ParOldGen       total 98816K, used 85886K [0x0000000080000000, 0x0000000086080000, 0x00000000d5580000)
  object space 98816K, 86% used [0x0000000080000000,0x00000000853dfb58,0x0000000086080000)
 Metaspace       used 109017K, capacity 114444K, committed 114712K, reserved 1148928K
  class space    used 14042K, capacity 15107K, committed 15136K, reserved 1048576K
}
Event: 1648.080 GC heap before
{Heap before GC invocations=23 (full 5):
 PSYoungGen      total 646656K, used 5218K [0x00000000d5580000, 0x00000000ffb00000, 0x0000000100000000)
  eden space 615936K, 0% used [0x00000000d5580000,0x00000000d5580000,0x00000000faf00000)
  from space 30720K, 16% used [0x00000000fcd00000,0x00000000fd218878,0x00000000feb00000)
  to   space 30720K, 0% used [0x00000000faf00000,0x00000000faf00000,0x00000000fcd00000)
 ParOldGen       total 98816K, used 85886K [0x0000000080000000, 0x0000000086080000, 0x00000000d5580000)
  object space 98816K, 86% used [0x0000000080000000,0x00000000853dfb58,0x0000000086080000)
 Metaspace       used 109017K, capacity 114444K, committed 114712K, reserved 1148928K
  class space    used 14042K, capacity 15107K, committed 15136K, reserved 1048576K
Event: 1655.212 GC heap after
Heap after GC invocations=23 (full 5):
 PSYoungGen      total 646656K, used 0K [0x00000000d5580000, 0x00000000ffb00000, 0x0000000100000000)
  eden space 615936K, 0% used [0x00000000d5580000,0x00000000d5580000,0x00000000faf00000)
  from space 30720K, 0% used [0x00000000fcd00000,0x00000000fcd00000,0x00000000feb00000)
  to   space 30720K, 0% used [0x00000000faf00000,0x00000000faf00000,0x00000000fcd00000)
 ParOldGen       total 140800K, used 83281K [0x0000000080000000, 0x0000000088980000, 0x00000000d5580000)
  object space 140800K, 59% used [0x0000000080000000,0x0000000085154480,0x0000000088980000)
 Metaspace       used 108798K, capacity 113848K, committed 114712K, reserved 1148928K
  class space    used 13967K, capacity 14977K, committed 15136K, reserved 1048576K
}
Event: 1659.420 GC heap before
{Heap before GC invocations=24 (full 5):
 PSYoungGen      total 646656K, used 615936K [0x00000000d5580000, 0x00000000ffb00000, 0x0000000100000000)
  eden space 615936K, 100% used [0x00000000d5580000,0x00000000faf00000,0x00000000faf00000)
  from space 30720K, 0% used [0x00000000fcd00000,0x00000000fcd00000,0x00000000feb00000)
  to   space 30720K, 0% used [0x00000000faf00000,0x00000000faf00000,0x00000000fcd00000)
 ParOldGen       total 140800K, used 83281K [0x0000000080000000, 0x0000000088980000, 0x00000000d5580000)
  object space 140800K, 59% used [0x0000000080000000,0x0000000085154480,0x0000000088980000)
 Metaspace       used 108900K, capacity 113952K, committed 114712K, reserved 1148928K
  class space    used 13975K, capacity 14979K, committed 15136K, reserved 1048576K
Event: 1659.747 GC heap after
Heap after GC invocations=24 (full 5):
 PSYoungGen      total 646656K, used 7400K [0x00000000d5580000, 0x00000000ffe00000, 0x0000000100000000)
  eden space 615936K, 0% used [0x00000000d5580000,0x00000000d5580000,0x00000000faf00000)
  from space 30720K, 24% used [0x00000000faf00000,0x00000000fb63a260,0x00000000fcd00000)
  to   space 29696K, 0% used [0x00000000fe100000,0x00000000fe100000,0x00000000ffe00000)
 ParOldGen       total 140800K, used 83289K [0x0000000080000000, 0x0000000088980000, 0x00000000d5580000)
  object space 140800K, 59% used [0x0000000080000000,0x0000000085156480,0x0000000088980000)
 Metaspace       used 108900K, capacity 113952K, committed 114712K, reserved 1148928K
  class space    used 13975K, capacity 14979K, committed 15136K, reserved 1048576K
}
Event: 1662.980 GC heap before
{Heap before GC invocations=25 (full 5):
 PSYoungGen      total 646656K, used 623336K [0x00000000d5580000, 0x00000000ffe00000, 0x0000000100000000)
  eden space 615936K, 100% used [0x00000000d5580000,0x00000000faf00000,0x00000000faf00000)
  from space 30720K, 24% used [0x00000000faf00000,0x00000000fb63a260,0x00000000fcd00000)
  to   space 29696K, 0% used [0x00000000fe100000,0x00000000fe100000,0x00000000ffe00000)
 ParOldGen       total 140800K, used 83289K [0x0000000080000000, 0x0000000088980000, 0x00000000d5580000)
  object space 140800K, 59% used [0x0000000080000000,0x0000000085156480,0x0000000088980000)
 Metaspace       used 109025K, capacity 114034K, committed 114712K, reserved 1148928K
  class space    used 13977K, capacity 14982K, committed 15136K, reserved 1048576K
Event: 1663.022 GC heap after
Heap after GC invocations=25 (full 5):
 PSYoungGen      total 666112K, used 12951K [0x00000000d5580000, 0x00000000ffc00000, 0x0000000100000000)
  eden space 638464K, 0% used [0x00000000d5580000,0x00000000d5580000,0x00000000fc500000)
  from space 27648K, 46% used [0x00000000fe100000,0x00000000feda5c18,0x00000000ffc00000)
  to   space 28160K, 0% used [0x00000000fc500000,0x00000000fc500000,0x00000000fe080000)
 ParOldGen       total 140800K, used 83289K [0x0000000080000000, 0x0000000088980000, 0x00000000d5580000)
  object space 140800K, 59% used [0x0000000080000000,0x0000000085156480,0x0000000088980000)
 Metaspace       used 109025K, capacity 114034K, committed 114712K, reserved 1148928K
  class space    used 13977K, capacity 14982K, committed 15136K, reserved 1048576K
}

